Gtk-Message: 13:07:56.578: Failed to load module "canberra-gtk-module"

GTKWave Analyzer v3.3.103 (w)1999-2019 BSI

[0] start time.
[4576] end time.
[0] start time.
[4576] end time.
[0] start time.
[4576] end time.
[0] start time.
[4576] end time.
[0] start time.
[4576] end time.
[0] start time.
[4576] end time.
[0] start time.
[4576] end time.
[0] start time.
[4576] end time.
[0] start time.
[4576] end time.
[0] start time.
[4576] end time.
[0] start time.
[4576] end time.
[0] start time.
[4576] end time.
[0] start time.
[4576] end time.
[0] start time.
[4576] end time.
GTKWAVE | Select a bundle or group.
[0] start time.
[4576] end time.
[0] start time.
[4576] end time.
[0] start time.
[4576] end time.
[0] start time.
[4576] end time.
[0] start time.
[4576] end time.
[0] start time.
[4576] end time.
[0] start time.
[4576] end time.
[0] start time.
[4576] end time.
[0] start time.
[4576] end time.
[0] start time.
[4576] end time.
[0] start time.
[4576] end time.
[0] start time.
[4576] end time.
[0] start time.
[4576] end time.
[0] start time.
[4576] end time.
[0] start time.
[4576] end time.
[0] start time.
[4576] end time.
[0] start time.
[4576] end time.
[0] start time.
[4576] end time.
[0] start time.
[4576] end time.
[0] start time.
[4576] end time.
[0] start time.
[4576] end time.
[0] start time.
[4576] end time.
[0] start time.
[4576] end time.
[0] start time.
[4576] end time.
[0] start time.
[4576] end time.
[0] start time.
[4576] end time.
[0] start time.
[4576] end time.
[0] start time.
[4576] end time.
[0] start time.
[4576] end time.
[0] start time.
[4576] end time.
